<?xml version="1.0" encoding="UTF-8"?>
<testng-results ignored="0" total="2" passed="2" failed="0" skipped="0">
  <reporter-output>
  </reporter-output>
  <suite started-at="2021-10-19T21:56:25 EDT" name="Default suite" finished-at="2021-10-19T21:56:46 EDT" duration-ms="21079">
    <groups>
    </groups>
    <test started-at="2021-10-19T21:56:25 EDT" name="Default test" finished-at="2021-10-19T21:56:46 EDT" duration-ms="21079">
      <class name="Test.Login">
        <test-method signature="negativeLogin()[pri:5, instance:Test.Login@865dd6]" started-at="2021-10-19T21:56:25 EDT" name="negativeLogin" finished-at="2021-10-19T21:56:35 EDT" duration-ms="10405" status="PASS">
          <reporter-output>
          </reporter-output>
        </test-method> <!-- negativeLogin -->
        <test-method signature="positiveLogin()[pri:10, instance:Test.Login@865dd6]" started-at="2021-10-19T21:56:35 EDT" name="positiveLogin" finished-at="2021-10-19T21:56:46 EDT" duration-ms="10632" status="PASS">
          <reporter-output>
          </reporter-output>
        </test-method> <!-- positiveLogin -->
      </class> <!-- Test.Login -->
    </test> <!-- Default test -->
  </suite> <!-- Default suite -->
</testng-results>
